

Version:	3.14
CmdLine:	D:\Programming\Java\Scheduling Application\out\artifacts\JavaFX_jar\schedulingapp.exe --l4j-debug
WOW64:		yes
Create mutex:	Hey
Working dir:	D:\Programming\Java\Scheduling Application\out\artifacts\JavaFX_jar\.
Java min ver:	1.000.000
Java max ver:	1.011.000
Bundled JRE(s):	C:\Users\Gavin\Downloads\jre-8u321-windows-x64.exe
Check launcher:	C:\Users\Gavin\Downloads\jre-8u321-windows-x64.exe\bin\javaw.exe (not found)
64-bit search:	SOFTWARE\JavaSoft\Java Runtime Environment...
Check:		SOFTWARE\JavaSoft\Java Runtime Environment\1.8
Check launcher:	C:\Program Files\Java\jre1.8.0_321\bin\javaw.exe (OK)
Match:		1.008.000
Check:		SOFTWARE\JavaSoft\Java Runtime Environment\1.8.0_321
Check launcher:	C:\Program Files\Java\jre1.8.0_321\bin\javaw.exe (OK)
Match:		1.008.000_321
64-bit search:	SOFTWARE\JavaSoft\Java Development Kit...
64-bit search:	SOFTWARE\JavaSoft\JRE...
64-bit search:	SOFTWARE\JavaSoft\JDK...
Check:		SOFTWARE\JavaSoft\JDK\11.0.13
Ignore:		1.011.000_013
Runtime used:	1.008.000_321 (64-bit)
Launcher:	C:\Program Files\Java\jre1.8.0_321\bin\javaw.exe
Launcher args:	-jar "D:\Programming\Java\Scheduling Application\out\artifacts\JavaFX_jar\JavaFX.jar"
Args length:	85/32768 chars
Exit code:	0


Version:	3.14
CmdLine:	D:\Programming\Java\Scheduling Application\out\artifacts\JavaFX_jar\schedulingapp.exe --l4j-debug
WOW64:		yes
Create mutex:	Hey
Working dir:	D:\Programming\Java\Scheduling Application\out\artifacts\JavaFX_jar\.
Java min ver:	1.000.000
Java max ver:	1.011.000
Bundled JRE(s):	C:\Users\Gavin\Downloads\jdk-11.0.13_windows-x64_bin.exe
Check launcher:	C:\Users\Gavin\Downloads\jdk-11.0.13_windows-x64_bin.exe\bin\javaw.exe (not found)
64-bit search:	SOFTWARE\JavaSoft\Java Runtime Environment...
Check:		SOFTWARE\JavaSoft\Java Runtime Environment\1.8
Check launcher:	C:\Program Files\Java\jre1.8.0_321\bin\javaw.exe (OK)
Match:		1.008.000
Check:		SOFTWARE\JavaSoft\Java Runtime Environment\1.8.0_321
Check launcher:	C:\Program Files\Java\jre1.8.0_321\bin\javaw.exe (OK)
Match:		1.008.000_321
64-bit search:	SOFTWARE\JavaSoft\Java Development Kit...
64-bit search:	SOFTWARE\JavaSoft\JRE...
64-bit search:	SOFTWARE\JavaSoft\JDK...
Check:		SOFTWARE\JavaSoft\JDK\11.0.13
Ignore:		1.011.000_013
Runtime used:	1.008.000_321 (64-bit)
Launcher:	C:\Program Files\Java\jre1.8.0_321\bin\javaw.exe
Launcher args:	-jar "D:\Programming\Java\Scheduling Application\out\artifacts\JavaFX_jar\JavaFX.jar"
Args length:	85/32768 chars
Exit code:	0


Version:	3.14
CmdLine:	D:\Programming\Java\Scheduling Application\out\artifacts\JavaFX_jar\schedulingapp.exe --l4j-debug
WOW64:		yes
Create mutex:	Hey
Working dir:	D:\Programming\Java\Scheduling Application\out\artifacts\JavaFX_jar\.
Java min ver:	1.000.000
Java max ver:	1.011.000
Bundled JRE(s):	C:\Users\Gavin\Downloads\jdk-11.0.13_windows-x64_bin
Check launcher:	C:\Users\Gavin\Downloads\jdk-11.0.13_windows-x64_bin\bin\javaw.exe (not found)
64-bit search:	SOFTWARE\JavaSoft\Java Runtime Environment...
Check:		SOFTWARE\JavaSoft\Java Runtime Environment\1.8
Check launcher:	C:\Program Files\Java\jre1.8.0_321\bin\javaw.exe (OK)
Match:		1.008.000
Check:		SOFTWARE\JavaSoft\Java Runtime Environment\1.8.0_321
Check launcher:	C:\Program Files\Java\jre1.8.0_321\bin\javaw.exe (OK)
Match:		1.008.000_321
64-bit search:	SOFTWARE\JavaSoft\Java Development Kit...
64-bit search:	SOFTWARE\JavaSoft\JRE...
64-bit search:	SOFTWARE\JavaSoft\JDK...
Check:		SOFTWARE\JavaSoft\JDK\11.0.13
Ignore:		1.011.000_013
Runtime used:	1.008.000_321 (64-bit)
Launcher:	C:\Program Files\Java\jre1.8.0_321\bin\javaw.exe
Launcher args:	-jar "D:\Programming\Java\Scheduling Application\out\artifacts\JavaFX_jar\JavaFX.jar"
Args length:	85/32768 chars
Exit code:	0


Version:	3.14
CmdLine:	D:\Programming\Java\Scheduling Application\out\artifacts\JavaFX_jar\schedulingapp.exe --l4j-debug
WOW64:		yes
Create mutex:	Hey
Working dir:	D:\Programming\Java\Scheduling Application\out\artifacts\JavaFX_jar\.
Java min ver:	1.000.000
Java max ver:	1.011.000
Bundled JRE(s):	C:\Users\Gavin\Downloads\jdk-11.0.13_windows-x64_bin
Check launcher:	C:\Users\Gavin\Downloads\jdk-11.0.13_windows-x64_bin\bin\javaw.exe (not found)
64-bit search:	SOFTWARE\JavaSoft\Java Runtime Environment...
Check:		SOFTWARE\JavaSoft\Java Runtime Environment\1.8
Check launcher:	C:\Program Files\Java\jre1.8.0_321\bin\javaw.exe (OK)
Match:		1.008.000
Check:		SOFTWARE\JavaSoft\Java Runtime Environment\1.8.0_321
Check launcher:	C:\Program Files\Java\jre1.8.0_321\bin\javaw.exe (OK)
Match:		1.008.000_321
64-bit search:	SOFTWARE\JavaSoft\Java Development Kit...
64-bit search:	SOFTWARE\JavaSoft\JRE...
64-bit search:	SOFTWARE\JavaSoft\JDK...
Check:		SOFTWARE\JavaSoft\JDK\11.0.13
Ignore:		1.011.000_013
Runtime used:	1.008.000_321 (64-bit)
Launcher:	C:\Program Files\Java\jre1.8.0_321\bin\javaw.exe
Launcher args:	-jar "D:\Programming\Java\Scheduling Application\out\artifacts\JavaFX_jar\schedulingapp.exe"
Args length:	92/32768 chars
Exit code:	0


Version:	3.14
CmdLine:	D:\Programming\Java\Scheduling Application\out\artifacts\JavaFX_jar\schedulingapp.exe --l4j-debug
WOW64:		yes
Create mutex:	Hey
Working dir:	D:\Programming\Java\Scheduling Application\out\artifacts\JavaFX_jar\.
Java min ver:	1.000.000
Java max ver:	1.011.000
Bundled JRE(s):	C:\Users\Gavin\Downloads\jdk-11.0.13_windows-x64_bin
Check launcher:	C:\Users\Gavin\Downloads\jdk-11.0.13_windows-x64_bin\bin\javaw.exe (not found)
64-bit search:	SOFTWARE\JavaSoft\Java Runtime Environment...
Check:		SOFTWARE\JavaSoft\Java Runtime Environment\1.8
Check launcher:	C:\Program Files\Java\jre1.8.0_321\bin\javaw.exe (OK)
Match:		1.008.000
Check:		SOFTWARE\JavaSoft\Java Runtime Environment\1.8.0_321
Check launcher:	C:\Program Files\Java\jre1.8.0_321\bin\javaw.exe (OK)
Match:		1.008.000_321
64-bit search:	SOFTWARE\JavaSoft\Java Development Kit...
64-bit search:	SOFTWARE\JavaSoft\JRE...
64-bit search:	SOFTWARE\JavaSoft\JDK...
Check:		SOFTWARE\JavaSoft\JDK\11.0.13
Ignore:		1.011.000_013
Runtime used:	1.008.000_321 (64-bit)
Launcher:	C:\Program Files\Java\jre1.8.0_321\bin\javaw.exe
Launcher args:	-jar "D:\Programming\Java\Scheduling Application\out\artifacts\JavaFX_jar\schedulingapp.exe"
Args length:	92/32768 chars
Exit code:	0


Version:	3.14
CmdLine:	D:\Programming\Java\Scheduling Application\out\artifacts\JavaFX_jar\schedulingapp.exe --l4j-debug
WOW64:		yes
Create mutex:	Hey
Working dir:	D:\Programming\Java\Scheduling Application\out\artifacts\JavaFX_jar\.
Java min ver:	1.000.000
Java max ver:	
64-bit search:	SOFTWARE\JavaSoft\Java Runtime Environment...
Check:		SOFTWARE\JavaSoft\Java Runtime Environment\1.8
Check launcher:	C:\Program Files\Java\jre1.8.0_321\bin\javaw.exe (OK)
Match:		1.008.000
Check:		SOFTWARE\JavaSoft\Java Runtime Environment\1.8.0_321
Check launcher:	C:\Program Files\Java\jre1.8.0_321\bin\javaw.exe (OK)
Match:		1.008.000_321
64-bit search:	SOFTWARE\JavaSoft\Java Development Kit...
64-bit search:	SOFTWARE\JavaSoft\JRE...
64-bit search:	SOFTWARE\JavaSoft\JDK...
Check:		SOFTWARE\JavaSoft\JDK\11.0.13
Check launcher:	C:\Program Files\Java\jdk-11.0.13\bin\javaw.exe (OK)
Match:		1.011.000_013
Runtime used:	1.011.000_013 (64-bit)
Launcher:	C:\Program Files\Java\jdk-11.0.13\bin\javaw.exe
Launcher args:	-jar "D:\Programming\Java\Scheduling Application\out\artifacts\JavaFX_jar\schedulingapp.exe"
Args length:	92/32768 chars
Exit code:	0
